# JRE version: OpenJDK Runtime Environment Corretto-17.0.8.7.1 (17.0.8+7) (build 17.0.8+7-LTS)
# Java VM: OpenJDK 64-Bit Server VM Corretto-17.0.8.7.1 (17.0.8+7-LTS, mixed mode, sharing, tiered, compressed oops, compressed class ptrs, g1 gc, windows-amd64)
GC Precious Log:
 CPUs: 8 total, 8 available
 Memory: 6030M
 Large Page Support: Disabled
 NUMA Support: Disabled
 Compressed Oops: Enabled (32-bit)
 Heap Region Size: 1M
 Heap Min Capacity: 8M
 Heap Initial Capacity: 96M
 Heap Max Capacity: 1508M
 Pre-touch: Disabled
 Parallel Workers: 8
 Concurrent Workers: 2
 Concurrent Refinement Workers: 8
 Periodic GC: Disabled
Heap:
 garbage-first heap   total 106496K, used 49050K [0x00000000a1c00000, 0x0000000100000000)
  region size 1024K, 17 young (17408K), 1 survivors (1024K)
 Metaspace       used 54737K, committed 55296K, reserved 1114112K
  class space    used 7131K, committed 7424K, reserved 1048576K
GC Heap History (20 events):
Event: 7.793 GC heap before
{Heap before GC invocations=5 (full 0):
 garbage-first heap   total 58368K, used 45232K [0x00000000a1c00000, 0x0000000100000000)
  region size 1024K, 34 young (34816K), 5 survivors (5120K)
 Metaspace       used 26647K, committed 27072K, reserved 1114112K
  class space    used 3509K, committed 3712K, reserved 1048576K
}
Event: 7.802 GC heap after
{Heap after GC invocations=6 (full 0):
 garbage-first heap   total 58368K, used 18221K [0x00000000a1c00000, 0x0000000100000000)
  region size 1024K, 5 young (5120K), 5 survivors (5120K)
 Metaspace       used 26647K, committed 27072K, reserved 1114112K
  class space    used 3509K, committed 3712K, reserved 1048576K
}
Event: 8.606 GC heap before
{Heap before GC invocations=6 (full 0):
 garbage-first heap   total 58368K, used 46893K [0x00000000a1c00000, 0x0000000100000000)
  region size 1024K, 28 young (28672K), 5 survivors (5120K)
 Metaspace       used 29311K, committed 29696K, reserved 1114112K
  class space    used 3780K, committed 3904K, reserved 1048576K
}
Event: 8.618 GC heap after
{Heap after GC invocations=7 (full 0):
 garbage-first heap   total 59392K, used 28215K [0x00000000a1c00000, 0x0000000100000000)
  region size 1024K, 4 young (4096K), 4 survivors (4096K)
 Metaspace       used 29311K, committed 29696K, reserved 1114112K
  class space    used 3780K, committed 3904K, reserved 1048576K
}
Event: 9.258 GC heap before
{Heap before GC invocations=7 (full 0):
 garbage-first heap   total 59392K, used 43575K [0x00000000a1c00000, 0x0000000100000000)
  region size 1024K, 18 young (18432K), 4 survivors (4096K)
 Metaspace       used 30405K, committed 30912K, reserved 1114112K
  class space    used 3909K, committed 4160K, reserved 1048576K
}
Event: 9.264 GC heap after
{Heap after GC invocations=8 (full 0):
 garbage-first heap   total 59392K, used 27283K [0x00000000a1c00000, 0x0000000100000000)
  region size 1024K, 2 young (2048K), 2 survivors (2048K)
 Metaspace       used 30405K, committed 30912K, reserved 1114112K
  class space    used 3909K, committed 4160K, reserved 1048576K
}
Event: 11.092 GC heap before
{Heap before GC invocations=8 (full 0):
 garbage-first heap   total 59392K, used 42643K [0x00000000a1c00000, 0x0000000100000000)
  region size 1024K, 17 young (17408K), 2 survivors (2048K)
 Metaspace       used 34813K, committed 35264K, reserved 1114112K
  class space    used 4534K, committed 4736K, reserved 1048576K
}
Event: 11.099 GC heap after
{Heap after GC invocations=9 (full 0):
 garbage-first heap   total 59392K, used 28494K [0x00000000a1c00000, 0x0000000100000000)
  region size 1024K, 3 young (3072K), 3 survivors (3072K)
 Metaspace       used 34813K, committed 35264K, reserved 1114112K
  class space    used 4534K, committed 4736K, reserved 1048576K
}
Event: 11.226 GC heap before
{Heap before GC invocations=9 (full 0):
 garbage-first heap   total 59392K, used 35662K [0x00000000a1c00000, 0x0000000100000000)
  region size 1024K, 11 young (11264K), 3 survivors (3072K)
 Metaspace       used 35590K, committed 35968K, reserved 1114112K
  class space    used 4615K, committed 4800K, reserved 1048576K
}
Event: 11.233 GC heap after
{Heap after GC invocations=10 (full 0):
 garbage-first heap   total 59392K, used 29812K [0x00000000a1c00000, 0x0000000100000000)
  region size 1024K, 3 young (3072K), 3 survivors (3072K)
 Metaspace       used 35590K, committed 35968K, reserved 1114112K
  class space    used 4615K, committed 4800K, reserved 1048576K
}
Event: 12.156 GC heap before
{Heap before GC invocations=11 (full 0):
 garbage-first heap   total 59392K, used 42100K [0x00000000a1c00000, 0x0000000100000000)
  region size 1024K, 17 young (17408K), 3 survivors (3072K)
 Metaspace       used 39790K, committed 40256K, reserved 1114112K
  class space    used 5234K, committed 5440K, reserved 1048576K
}
Event: 12.169 GC heap after
{Heap after GC invocations=12 (full 0):
 garbage-first heap   total 59392K, used 30487K [0x00000000a1c00000, 0x0000000100000000)
  region size 1024K, 3 young (3072K), 3 survivors (3072K)
 Metaspace       used 39790K, committed 40256K, reserved 1114112K
  class space    used 5234K, committed 5440K, reserved 1048576K
}
Event: 12.221 GC heap before
{Heap before GC invocations=12 (full 0):
 garbage-first heap   total 59392K, used 31511K [0x00000000a1c00000, 0x0000000100000000)
  region size 1024K, 4 young (4096K), 3 survivors (3072K)
 Metaspace       used 40133K, committed 40640K, reserved 1114112K
  class space    used 5282K, committed 5568K, reserved 1048576K
}
Event: 12.235 GC heap after
{Heap after GC invocations=13 (full 0):
 garbage-first heap   total 59392K, used 28457K [0x00000000a1c00000, 0x0000000100000000)
  region size 1024K, 1 young (1024K), 1 survivors (1024K)
 Metaspace       used 40133K, committed 40640K, reserved 1114112K
  class space    used 5282K, committed 5568K, reserved 1048576K
}
Event: 12.926 GC heap before
{Heap before GC invocations=13 (full 0):
 garbage-first heap   total 59392K, used 42793K [0x00000000a1c00000, 0x0000000100000000)
  region size 1024K, 16 young (16384K), 1 survivors (1024K)
 Metaspace       used 42619K, committed 43136K, reserved 1114112K
  class space    used 5583K, committed 5824K, reserved 1048576K
}
Event: 12.933 GC heap after
{Heap after GC invocations=14 (full 0):
 garbage-first heap   total 108544K, used 29518K [0x00000000a1c00000, 0x0000000100000000)
  region size 1024K, 2 young (2048K), 2 survivors (2048K)
 Metaspace       used 42619K, committed 43136K, reserved 1114112K
  class space    used 5583K, committed 5824K, reserved 1048576K
}
Event: 46.680 GC heap before
{Heap before GC invocations=15 (full 0):
 garbage-first heap   total 106496K, used 75598K [0x00000000a1c00000, 0x0000000100000000)
  region size 1024K, 47 young (48128K), 2 survivors (2048K)
 Metaspace       used 50921K, committed 51392K, reserved 1114112K
  class space    used 6745K, committed 6976K, reserved 1048576K
}
Event: 46.696 GC heap after
{Heap after GC invocations=16 (full 0):
 garbage-first heap   total 106496K, used 33863K [0x00000000a1c00000, 0x0000000100000000)
  region size 1024K, 6 young (6144K), 6 survivors (6144K)
 Metaspace       used 50921K, committed 51392K, reserved 1114112K
  class space    used 6745K, committed 6976K, reserved 1048576K
}
Event: 1181.363 GC heap before
{Heap before GC invocations=16 (full 0):
 garbage-first heap   total 106496K, used 76871K [0x00000000a1c00000, 0x0000000100000000)
  region size 1024K, 48 young (49152K), 6 survivors (6144K)
 Metaspace       used 51961K, committed 52480K, reserved 1114112K
  class space    used 6778K, committed 7040K, reserved 1048576K
}
Event: 1181.576 GC heap after
{Heap after GC invocations=17 (full 0):
 garbage-first heap   total 106496K, used 34714K [0x00000000a1c00000, 0x0000000100000000)
  region size 1024K, 1 young (1024K), 1 survivors (1024K)
 Metaspace       used 51961K, committed 52480K, reserved 1114112K
  class space    used 6778K, committed 7040K, reserved 1048576K
}

